2025-11-27 09:24:07,464 - INFO - Navigating to https://digital-coordinador.bizagi.com/...
2025-11-27 09:24:08,836 - INFO - Checking for login form...
2025-11-27 09:24:12,267 - INFO - Login form detected. Logging in...
2025-11-27 09:24:12,528 - INFO - Login credentials submitted.
2025-11-27 09:24:21,122 - INFO - Navigating to 'Consulta Disconformidades'...
2025-11-27 09:24:22,082 - INFO - Using default date range (last 14 days to end of month).
2025-11-27 09:24:22,083 - INFO - Filling dates: 13/11/2025 - 30/11/2025
2025-11-27 09:24:24,011 - INFO - Searching...
2025-11-27 09:24:24,060 - INFO - Waiting for download button...
2025-11-27 09:24:26,264 - INFO - SUCCESS: File saved to: output\disconformidades_20251127_092425.xlsx
2025-11-27 09:30:51,600 - INFO - Navigating to https://digital-coordinador.bizagi.com/...
2025-11-27 09:30:52,986 - INFO - Checking for login form...
2025-11-27 09:30:56,388 - INFO - Login form detected. Logging in...
2025-11-27 09:30:56,485 - INFO - Login credentials submitted.
2025-11-27 09:31:04,475 - INFO - Navigating to 'Consulta Disconformidades'...
2025-11-27 09:31:05,412 - INFO - Using default date range (last 14 days to end of month).
2025-11-27 09:31:05,413 - INFO - Filling dates: 13/11/2025 - 30/11/2025
2025-11-27 09:31:07,327 - INFO - Searching...
2025-11-27 09:31:07,380 - INFO - Waiting for download button...
2025-11-27 09:31:08,769 - INFO - SUCCESS: File saved to: output\disconformidades_20251127_093108.xlsx
2025-11-27 09:33:47,126 - INFO - Navigating to https://digital-coordinador.bizagi.com/...
2025-11-27 09:33:48,310 - INFO - Checking for login form...
2025-11-27 09:33:51,758 - INFO - Login form detected. Logging in...
2025-11-27 09:33:51,837 - INFO - Login credentials submitted.
2025-11-27 09:33:59,451 - INFO - Screenshot taken: 1_login_success.png
2025-11-27 09:33:59,451 - INFO - Navigating to 'Consulta Disconformidades'...
2025-11-27 09:34:00,522 - INFO - Screenshot taken: 2_navigation.png
2025-11-27 09:34:00,523 - INFO - Using default date range (last 14 days to end of month).
2025-11-27 09:34:00,523 - INFO - Filling dates: 13/11/2025 - 30/11/2025
2025-11-27 09:34:01,963 - INFO - Searching...
2025-11-27 09:34:02,122 - INFO - Waiting for download button...
2025-11-27 09:34:03,473 - INFO - SUCCESS: File saved to: output\disconformidades_20251127_093403.xlsx
2025-11-27 09:36:28,863 - INFO - Navigating to https://digital-coordinador.bizagi.com/...
2025-11-27 09:36:29,967 - INFO - Checking for login form...
2025-11-27 09:36:33,902 - INFO - Login form detected. Logging in...
2025-11-27 09:36:34,143 - INFO - Screenshot taken: 1_login_filled.png
2025-11-27 09:36:34,190 - INFO - Login credentials submitted.
2025-11-27 09:36:34,196 - INFO - Navigating to 'Consulta Disconformidades'...
2025-11-27 09:36:43,920 - INFO - Screenshot taken: 2_navigation.png
2025-11-27 09:36:43,921 - INFO - Using default date range (last 14 days to end of month).
2025-11-27 09:36:43,921 - INFO - Filling dates: 13/11/2025 - 30/11/2025
2025-11-27 09:36:44,020 - INFO - Searching...
2025-11-27 09:36:44,164 - INFO - Waiting for download button...
2025-11-27 09:36:45,536 - INFO - SUCCESS: File saved to: output\disconformidades_20251127_093645.xlsx
2025-11-27 10:18:00,854 - INFO - Navigating to https://digital-coordinador.bizagi.com/...
2025-11-27 10:18:02,133 - INFO - Checking for login form...
2025-11-27 10:18:05,585 - INFO - Login form detected. Logging in...
2025-11-27 10:18:05,720 - INFO - Screenshot taken: 1_login_filled.png
2025-11-27 10:18:05,767 - INFO - Login credentials submitted.
2025-11-27 10:18:14,309 - INFO - Navigating to 'Consulta Disconformidades'...
2025-11-27 10:18:15,372 - INFO - Screenshot taken: 2_navigation.png
2025-11-27 10:18:15,372 - INFO - Using default date range (last 14 days to end of month).
2025-11-27 10:18:15,372 - INFO - Filling dates: 13/11/2025 - 30/11/2025
2025-11-27 10:18:16,784 - INFO - Searching...
2025-11-27 10:18:16,915 - INFO - Waiting for download button...
2025-11-27 10:18:18,271 - INFO - SUCCESS: File saved to: output\disconformidades_20251127_101818.xlsx
2025-11-27 10:32:17,957 - INFO - Navigating to https://digital-coordinador.bizagi.com/...
2025-11-27 10:32:19,535 - INFO - Checking for login form...
2025-11-27 10:32:23,219 - INFO - Login form detected. Logging in...
2025-11-27 10:32:23,309 - INFO - Screenshot taken: 1_login_filled.png
2025-11-27 10:32:23,362 - INFO - Login credentials submitted.
2025-11-27 10:32:31,496 - INFO - Navigating to 'Consulta Disconformidades'...
2025-11-27 10:32:32,546 - INFO - Screenshot taken: 2_navigation.png
2025-11-27 10:32:32,547 - INFO - Using default date range (last 14 days to end of month).
2025-11-27 10:32:32,547 - INFO - Filling dates: 13/11/2025 - 30/11/2025
2025-11-27 10:32:33,993 - INFO - Searching...
2025-11-27 10:32:34,132 - INFO - Waiting for download button...
2025-11-27 10:32:35,603 - INFO - SUCCESS: File saved to: output\disconformidades_20251127_103235.xlsx
2025-11-27 10:32:40,993 - INFO - Starting Step 2: Data Processing...
2025-11-27 10:32:40,995 - INFO - Processing latest file: disconformidades_20251127_103235.xlsx
2025-11-27 10:32:44,815 - INFO - Copying data from source to control file...
2025-11-27 10:32:44,872 - INFO - Copied 29 rows.
2025-11-27 10:32:46,943 - INFO - Control Excel saved successfully.
